TrainingApp/build/outputs/logs/manifest-merger-debug-report.txt
-- Merging decision tree log ---
manifest
ADDED from Android Projects Git/TrainingApp/AndroidManifest.xml:2:1-34:12
	package
		ADDED from Android Projects Git/TrainingApp/AndroidManifest.xml:3:5-47
	android:versionName
		ADDED from Android Projects Git/TrainingApp/AndroidManifest.xml:5:5-30
		INJECTED from Android Projects Git/TrainingApp/AndroidManifest.xml
		INJECTED from Android Projects Git/TrainingApp/AndroidManifest.xml
	android:versionCode
		ADDED from Android Projects Git/TrainingApp/AndroidManifest.xml:4:5-28
		INJECTED from Android Projects Git/TrainingApp/AndroidManifest.xml
		INJECTED from Android Projects Git/TrainingApp/AndroidManifest.xml
	xmlns:android
		ADDED from Android Projects Git/TrainingApp/AndroidManifest.xml:2:11-69
uses-sdk
ADDED from Android Projects Git/TrainingApp/AndroidManifest.xml:7:5-9:41
	android:targetSdkVersion
		ADDED from Android Projects Git/TrainingApp/AndroidManifest.xml:9:9-38
	android:minSdkVersion
		ADDED from Android Projects Git/TrainingApp/AndroidManifest.xml:8:9-35
uses-permission#android.permission.BLUETOOTH
ADDED from Android Projects Git/TrainingApp/AndroidManifest.xml:11:5-68
	android:name
		ADDED from Android Projects Git/TrainingApp/AndroidManifest.xml:11:22-65
uses-permission#com.microsoft.band.service.access.BIND_BAND_SERVICE
ADDED from Android Projects Git/TrainingApp/AndroidManifest.xml:12:5-91
	android:name
		ADDED from Android Projects Git/TrainingApp/AndroidManifest.xml:12:22-88
uses-permission#android.permission.READ_EXTERNAL_STORAGE
ADDED from Android Projects Git/TrainingApp/AndroidManifest.xml:13:5-80
	android:name
		ADDED from Android Projects Git/TrainingApp/AndroidManifest.xml:13:22-77
uses-permission#android.permission.WRITE_EXTERNAL_STORAGE
ADDED from Android Projects Git/TrainingApp/AndroidManifest.xml:14:5-81
	android:name
		ADDED from Android Projects Git/TrainingApp/AndroidManifest.xml:14:22-78
application
ADDED from Android Projects Git/TrainingApp/AndroidManifest.xml:17:5-32:19
	android:label
		ADDED from Android Projects Git/TrainingApp/AndroidManifest.xml:20:9-41
	android:allowBackup
		ADDED from Android Projects Git/TrainingApp/AndroidManifest.xml:18:9-35
	android:icon
		ADDED from Android Projects Git/TrainingApp/AndroidManifest.xml:19:9-45
	android:theme
		ADDED from Android Projects Git/TrainingApp/AndroidManifest.xml:21:9-40
activity#com.microsoft.band.sdk.heartrate.BandHeartRateAppActivity
ADDED from Android Projects Git/TrainingApp/AndroidManifest.xml:22:9-31:20
	android:screenOrientation
		ADDED from Android Projects Git/TrainingApp/AndroidManifest.xml:24:13-49
	android:label
		ADDED from Android Projects Git/TrainingApp/AndroidManifest.xml:25:13-45
	android:name
		ADDED from Android Projects Git/TrainingApp/AndroidManifest.xml:23:13-85
intent-filter#android.intent.action.MAIN+android.intent.category.LAUNCHER
ADDED from Android Projects Git/TrainingApp/AndroidManifest.xml:26:13-30:29
action#android.intent.action.MAIN
ADDED from Android Projects Git/TrainingApp/AndroidManifest.xml:27:17-69
	android:name
		ADDED from Android Projects Git/TrainingApp/AndroidManifest.xml:27:25-66
category#android.intent.category.LAUNCHER
ADDED from Android Projects Git/TrainingApp/AndroidManifest.xml:29:17-77
	android:name
		ADDED from Android Projects Git/TrainingApp/AndroidManifest.xml:29:27-74